[0.028s] Invoking command in '/home/akash/dung_cleaner_robot/ROS/robot_base/build/robot_base': CMAKE_PREFIX_PATH=/opt/ros/humble /usr/bin/cmake /home/akash/dung_cleaner_robot/ROS/robot_base -DCMAKE_INSTALL_PREFIX=/home/akash/dung_cleaner_robot/ROS/robot_base/install/robot_base
[0.130s] -- Found ament_cmake: 1.3.10 (/opt/ros/humble/share/ament_cmake/cmake)
[0.300s] -- Found rclcpp: 16.0.10 (/opt/ros/humble/share/rclcpp/cmake)
[0.465s] -- Found rosidl_generator_c: 3.1.5 (/opt/ros/humble/share/rosidl_generator_c/cmake)
[0.471s] -- Found rosidl_adapter: 3.1.5 (/opt/ros/humble/share/rosidl_adapter/cmake)
[0.485s] -- Found rosidl_generator_cpp: 3.1.5 (/opt/ros/humble/share/rosidl_generator_cpp/cmake)
[0.507s] -- Using all available rosidl_typesupport_c: rosidl_typesupport_fastrtps_c;rosidl_typesupport_introspection_c
[0.533s] -- Using all available rosidl_typesupport_cpp: rosidl_typesupport_fastrtps_cpp;rosidl_typesupport_introspection_cpp
[0.607s] -- Found rmw_implementation_cmake: 6.1.2 (/opt/ros/humble/share/rmw_implementation_cmake/cmake)
[0.612s] -- Found rmw_fastrtps_cpp: 6.2.7 (/opt/ros/humble/share/rmw_fastrtps_cpp/cmake)
[3.681s] -- Using RMW implementation 'rmw_fastrtps_cpp' as default
[3.778s] -- Found nav_msgs: 4.2.4 (/opt/ros/humble/share/nav_msgs/cmake)
[3.831s] -- Found sensor_msgs: 4.2.4 (/opt/ros/humble/share/sensor_msgs/cmake)
[3.859s] -- Found tf2: 0.25.8 (/opt/ros/humble/share/tf2/cmake)
[3.874s] -- Found ament_lint_auto: 0.12.11 (/opt/ros/humble/share/ament_lint_auto/cmake)
[3.975s] -- Added test 'copyright' to check source files copyright and LICENSE
[3.988s] -- Added test 'cppcheck' to perform static code analysis on C / C++ code
[3.988s] -- Configured cppcheck include dirs: $<BUILD_INTERFACE:/home/akash/dung_cleaner_robot/ROS/robot_base/include>
[3.988s] -- Configured cppcheck exclude dirs and/or files: 
[3.992s] -- Added test 'cpplint' to check C / C++ code against the Google style
[3.992s] -- Configured cpplint exclude dirs and/or files: 
[3.993s] -- Added test 'flake8' to check Python code syntax and style conventions
[3.994s] -- Added test 'lint_cmake' to check CMake code style
[3.995s] -- Added test 'pep257' to check Python code against some of the docstring style conventions in PEP 257
[3.999s] -- Added test 'uncrustify' to check C / C++ code style
[3.999s] -- Configured uncrustify additional arguments: 
[4.000s] -- Added test 'xmllint' to check XML markup files
[4.004s] -- Configuring done
[4.030s] -- Generating done
[4.035s] -- Build files have been written to: /home/akash/dung_cleaner_robot/ROS/robot_base/build/robot_base
[4.056s] Invoked command in '/home/akash/dung_cleaner_robot/ROS/robot_base/build/robot_base' returned '0': CMAKE_PREFIX_PATH=/opt/ros/humble /usr/bin/cmake /home/akash/dung_cleaner_robot/ROS/robot_base -DCMAKE_INSTALL_PREFIX=/home/akash/dung_cleaner_robot/ROS/robot_base/install/robot_base
[4.057s] Invoking command in '/home/akash/dung_cleaner_robot/ROS/robot_base/build/robot_base': CMAKE_PREFIX_PATH=/opt/ros/humble /usr/bin/cmake --build /home/akash/dung_cleaner_robot/ROS/robot_base/build/robot_base -- -j4 -l4
[4.095s] [ 66%] [32mBuilding CXX object CMakeFiles/app.dir/src/odometry.cpp.o[0m
[4.095s] [ 66%] [32mBuilding CXX object CMakeFiles/app_node.dir/src/app.cpp.o[0m
[4.095s] [ 66%] [32mBuilding CXX object CMakeFiles/app_node.dir/src/odometry.cpp.o[0m
[4.096s] [ 66%] [32mBuilding CXX object CMakeFiles/app.dir/src/app.cpp.o[0m
[4.173s] [01m[K/home/akash/dung_cleaner_robot/ROS/robot_base/src/odometry.cpp:19:10:[m[K [01;31m[Kfatal error: [m[Kodometry.hpp: No such file or directory
[4.173s]    19 | #include [01;31m[K"odometry.hpp"[m[K
[4.173s]       |          [01;31m[K^~~~~~~~~~~~~~[m[K
[4.173s] compilation terminated.
[4.173s] [01m[K/home/akash/dung_cleaner_robot/ROS/robot_base/src/odometry.cpp:19:10:[m[K [01;31m[Kfatal error: [m[Kodometry.hpp: No such file or directory
[4.173s]    19 | #include [01;31m[K"odometry.hpp"[m[K
[4.173s]       |          [01;31m[K^~~~~~~~~~~~~~[m[K
[4.174s] compilation terminated.
[4.176s] gmake[2]: *** [CMakeFiles/app.dir/build.make:90: CMakeFiles/app.dir/src/odometry.cpp.o] Error 1
[4.176s] gmake[2]: *** Waiting for unfinished jobs....
[4.176s] gmake[2]: *** [CMakeFiles/app_node.dir/build.make:90: CMakeFiles/app_node.dir/src/odometry.cpp.o] Error 1
[4.176s] gmake[2]: *** Waiting for unfinished jobs....
[4.781s] [01m[K/home/akash/dung_cleaner_robot/ROS/robot_base/src/app.cpp:13:10:[m[K [01;31m[Kfatal error: [m[Kodometry.hpp: No such file or directory
[4.781s]    13 | #include [01;31m[K"odometry.hpp"[m[K
[4.781s]       |          [01;31m[K^~~~~~~~~~~~~~[m[K
[4.781s] [01m[K/home/akash/dung_cleaner_robot/ROS/robot_base/src/app.cpp:13:10:[m[K [01;31m[Kfatal error: [m[Kodometry.hpp: No such file or directory
[4.781s]    13 | #include [01;31m[K"odometry.hpp"[m[K
[4.781s]       |          [01;31m[K^~~~~~~~~~~~~~[m[K
[4.781s] compilation terminated.
[4.781s] compilation terminated.
[4.782s] gmake[2]: *** [CMakeFiles/app_node.dir/build.make:76: CMakeFiles/app_node.dir/src/app.cpp.o] Error 1
[4.782s] gmake[2]: *** [CMakeFiles/app.dir/build.make:76: CMakeFiles/app.dir/src/app.cpp.o] Error 1
[4.783s] gmake[1]: *** [CMakeFiles/Makefile2:165: CMakeFiles/app.dir/all] Error 2
[4.783s] gmake[1]: *** Waiting for unfinished jobs....
[4.783s] gmake[1]: *** [CMakeFiles/Makefile2:139: CMakeFiles/app_node.dir/all] Error 2
[4.783s] gmake: *** [Makefile:146: all] Error 2
[4.785s] Invoked command in '/home/akash/dung_cleaner_robot/ROS/robot_base/build/robot_base' returned '2': CMAKE_PREFIX_PATH=/opt/ros/humble /usr/bin/cmake --build /home/akash/dung_cleaner_robot/ROS/robot_base/build/robot_base -- -j4 -l4
